Arguments: 
  /home/rahul/.nvm/versions/node/v15.13.0/bin/node /usr/share/yarn/bin/yarn.js install

PATH: 
  /home/rahul/.nvm/versions/node/v15.13.0/bin:/snap/bin:/usr/local/bin:/usr/bin:/bin:/usr/local/games:/usr/games

Yarn version: 
  1.22.5

Node version: 
  15.13.0

Platform: 
  linux x64

Trace: 
  Error: getaddrinfo ENOTFOUND registry.yarnpkg.com
      at GetAddrInfoReqWrap.onlookup [as oncomplete] (node:dns:69:26)

npm manifest: 
  {
    "name": "backend",
    "version": "1.0.0",
    "description": "backend api for e com website",
    "main": "app.js",
    "scripts": {
      "test": "echo \"Error: no test specified\" && exit 1"
    },
    "author": "tawityagi",
    "license": "ISC",
    "dependencies": {
      "body-parser": "^1.19.0",
      "cors": "^2.8.5",
      "ejs": "^3.1.6",
      "express": "^4.17.1",
      "mongoose": "^6.0.8",
      "router": "^1.3.5"
    }
  }

yarn manifest: 
  No manifest

Lockfile: 
  No lockfile
